<?xml version="1.0" encoding="UTF-8"?>
<testng-results skipped="0" failed="0" ignored="0" total="3" passed="3">
  <reporter-output>
  </reporter-output>
  <suite name="Default suite" duration-ms="74" started-at="2020-11-25T21:36:14 EST" finished-at="2020-11-25T21:36:14 EST">
    <groups>
    </groups>
    <test name="Default test" duration-ms="74" started-at="2020-11-25T21:36:14 EST" finished-at="2020-11-25T21:36:14 EST">
      <class name="caseHooks.RunHooks">
        <test-method status="PASS" signature="beforeSuite()[pri:0, instance:caseHooks.RunHooks@23faf8f2]" name="beforeSuite" is-config="true" duration-ms="11" started-at="2020-11-25T21:36:14 EST" finished-at="2020-11-25T21:36:14 EST">
          <reporter-output>
          </reporter-output>
        </test-method> <!-- beforeSuite -->
        <test-method status="PASS" signature="beforeTest()[pri:0, instance:caseHooks.RunHooks@23faf8f2]" name="beforeTest" is-config="true" duration-ms="2" started-at="2020-11-25T21:36:14 EST" finished-at="2020-11-25T21:36:14 EST">
          <reporter-output>
          </reporter-output>
        </test-method> <!-- beforeTest -->
        <test-method status="PASS" signature="beforeClass()[pri:0, instance:caseHooks.RunHooks@23faf8f2]" name="beforeClass" is-config="true" duration-ms="1" started-at="2020-11-25T21:36:14 EST" finished-at="2020-11-25T21:36:14 EST">
          <reporter-output>
          </reporter-output>
        </test-method> <!-- beforeClass -->
        <test-method status="PASS" signature="beforeMethod()[pri:0, instance:caseHooks.RunHooks@23faf8f2]" name="beforeMethod" is-config="true" duration-ms="0" started-at="2020-11-25T21:36:14 EST" finished-at="2020-11-25T21:36:14 EST">
          <reporter-output>
          </reporter-output>
        </test-method> <!-- beforeMethod -->
        <test-method status="PASS" signature="test1()[pri:0, instance:caseHooks.RunHooks@23faf8f2]" name="test1" duration-ms="9" started-at="2020-11-25T21:36:14 EST" finished-at="2020-11-25T21:36:14 EST">
          <reporter-output>
          </reporter-output>
        </test-method> <!-- test1 -->
        <test-method status="PASS" signature="afterMethod()[pri:0, instance:caseHooks.RunHooks@23faf8f2]" name="afterMethod" is-config="true" duration-ms="0" started-at="2020-11-25T21:36:14 EST" finished-at="2020-11-25T21:36:14 EST">
          <reporter-output>
          </reporter-output>
        </test-method> <!-- afterMethod -->
        <test-method status="PASS" signature="beforeMethod()[pri:0, instance:caseHooks.RunHooks@23faf8f2]" name="beforeMethod" is-config="true" duration-ms="0" started-at="2020-11-25T21:36:14 EST" finished-at="2020-11-25T21:36:14 EST">
          <reporter-output>
          </reporter-output>
        </test-method> <!-- beforeMethod -->
        <test-method status="PASS" signature="test2()[pri:0, instance:caseHooks.RunHooks@23faf8f2]" name="test2" duration-ms="2" started-at="2020-11-25T21:36:14 EST" finished-at="2020-11-25T21:36:14 EST">
          <reporter-output>
          </reporter-output>
        </test-method> <!-- test2 -->
        <test-method status="PASS" signature="afterMethod()[pri:0, instance:caseHooks.RunHooks@23faf8f2]" name="afterMethod" is-config="true" duration-ms="0" started-at="2020-11-25T21:36:14 EST" finished-at="2020-11-25T21:36:14 EST">
          <reporter-output>
          </reporter-output>
        </test-method> <!-- afterMethod -->
        <test-method status="PASS" signature="beforeMethod()[pri:0, instance:caseHooks.RunHooks@23faf8f2]" name="beforeMethod" is-config="true" duration-ms="0" started-at="2020-11-25T21:36:14 EST" finished-at="2020-11-25T21:36:14 EST">
          <reporter-output>
          </reporter-output>
        </test-method> <!-- beforeMethod -->
        <test-method status="PASS" signature="test3()[pri:0, instance:caseHooks.RunHooks@23faf8f2]" name="test3" duration-ms="3" started-at="2020-11-25T21:36:14 EST" finished-at="2020-11-25T21:36:14 EST">
          <reporter-output>
          </reporter-output>
        </test-method> <!-- test3 -->
        <test-method status="PASS" signature="afterMethod()[pri:0, instance:caseHooks.RunHooks@23faf8f2]" name="afterMethod" is-config="true" duration-ms="1" started-at="2020-11-25T21:36:14 EST" finished-at="2020-11-25T21:36:14 EST">
          <reporter-output>
          </reporter-output>
        </test-method> <!-- afterMethod -->
        <test-method status="PASS" signature="afterClass()[pri:0, instance:caseHooks.RunHooks@23faf8f2]" name="afterClass" is-config="true" duration-ms="0" started-at="2020-11-25T21:36:14 EST" finished-at="2020-11-25T21:36:14 EST">
          <reporter-output>
          </reporter-output>
        </test-method> <!-- afterClass -->
        <test-method status="PASS" signature="afterTest()[pri:0, instance:caseHooks.RunHooks@23faf8f2]" name="afterTest" is-config="true" duration-ms="0" started-at="2020-11-25T21:36:14 EST" finished-at="2020-11-25T21:36:14 EST">
          <reporter-output>
          </reporter-output>
        </test-method> <!-- afterTest -->
        <test-method status="PASS" signature="aferSuite()[pri:0, instance:caseHooks.RunHooks@23faf8f2]" name="aferSuite" is-config="true" duration-ms="0" started-at="2020-11-25T21:36:14 EST" finished-at="2020-11-25T21:36:14 EST">
          <reporter-output>
          </reporter-output>
        </test-method> <!-- aferSuite -->
      </class> <!-- caseHooks.RunHooks -->
    </test> <!-- Default test -->
  </suite> <!-- Default suite -->
</testng-results>
